{"E:\\University Projects\\Software Testing\\Project\\GenshinHelperRestAPI\\app_server\\controllers\\playerController.js": {"path":"E:\\University Projects\\Software Testing\\Project\\GenshinHelperRestAPI\\app_server\\controllers\\playerController.js","all":false,"statementMap":{"0":{"start":{"line":1,"column":0},"end":{"line":1,"column":47}},"1":{"start":{"line":2,"column":0},"end":{"line":2,"column":53}},"2":{"start":{"line":3,"column":0},"end":{"line":3,"column":51}},"3":{"start":{"line":4,"column":0},"end":{"line":4,"column":47}},"4":{"start":{"line":5,"column":0},"end":{"line":5,"column":37}},"5":{"start":{"line":6,"column":0},"end":{"line":6,"column":0}},"6":{"start":{"line":7,"column":0},"end":{"line":7,"column":8}},"7":{"start":{"line":8,"column":0},"end":{"line":8,"column":53}},"8":{"start":{"line":9,"column":0},"end":{"line":9,"column":44}},"9":{"start":{"line":10,"column":0},"end":{"line":10,"column":28}},"10":{"start":{"line":11,"column":0},"end":{"line":11,"column":1}},"11":{"start":{"line":12,"column":0},"end":{"line":12,"column":0}},"12":{"start":{"line":13,"column":0},"end":{"line":13,"column":48}},"13":{"start":{"line":14,"column":0},"end":{"line":14,"column":73}},"14":{"start":{"line":15,"column":0},"end":{"line":15,"column":26}},"15":{"start":{"line":16,"column":0},"end":{"line":16,"column":22}},"16":{"start":{"line":17,"column":0},"end":{"line":17,"column":6}},"17":{"start":{"line":18,"column":0},"end":{"line":18,"column":1}},"18":{"start":{"line":19,"column":0},"end":{"line":19,"column":0}},"19":{"start":{"line":20,"column":0},"end":{"line":20,"column":51}},"20":{"start":{"line":21,"column":0},"end":{"line":21,"column":83}},"21":{"start":{"line":22,"column":0},"end":{"line":22,"column":26}},"22":{"start":{"line":23,"column":0},"end":{"line":23,"column":22}},"23":{"start":{"line":24,"column":0},"end":{"line":24,"column":6}},"24":{"start":{"line":25,"column":0},"end":{"line":25,"column":1}},"25":{"start":{"line":26,"column":0},"end":{"line":26,"column":0}},"26":{"start":{"line":27,"column":0},"end":{"line":27,"column":0}},"27":{"start":{"line":28,"column":0},"end":{"line":28,"column":12}},"28":{"start":{"line":29,"column":0},"end":{"line":29,"column":55}},"29":{"start":{"line":30,"column":0},"end":{"line":30,"column":44}},"30":{"start":{"line":31,"column":0},"end":{"line":31,"column":26}},"31":{"start":{"line":32,"column":0},"end":{"line":32,"column":22}},"32":{"start":{"line":33,"column":0},"end":{"line":33,"column":6}},"33":{"start":{"line":34,"column":0},"end":{"line":34,"column":1}},"34":{"start":{"line":35,"column":0},"end":{"line":35,"column":0}},"35":{"start":{"line":36,"column":0},"end":{"line":36,"column":51}},"36":{"start":{"line":37,"column":0},"end":{"line":37,"column":64}},"37":{"start":{"line":38,"column":0},"end":{"line":38,"column":26}},"38":{"start":{"line":39,"column":0},"end":{"line":39,"column":22}},"39":{"start":{"line":40,"column":0},"end":{"line":40,"column":6}},"40":{"start":{"line":41,"column":0},"end":{"line":41,"column":1}},"41":{"start":{"line":42,"column":0},"end":{"line":42,"column":0}},"42":{"start":{"line":43,"column":0},"end":{"line":43,"column":9}},"43":{"start":{"line":44,"column":0},"end":{"line":44,"column":52}},"44":{"start":{"line":45,"column":0},"end":{"line":45,"column":41}},"45":{"start":{"line":46,"column":0},"end":{"line":46,"column":26}},"46":{"start":{"line":47,"column":0},"end":{"line":47,"column":22}},"47":{"start":{"line":48,"column":0},"end":{"line":48,"column":6}},"48":{"start":{"line":49,"column":0},"end":{"line":49,"column":1}},"49":{"start":{"line":50,"column":0},"end":{"line":50,"column":0}},"50":{"start":{"line":51,"column":0},"end":{"line":51,"column":48}},"51":{"start":{"line":52,"column":0},"end":{"line":52,"column":61}},"52":{"start":{"line":53,"column":0},"end":{"line":53,"column":26}},"53":{"start":{"line":54,"column":0},"end":{"line":54,"column":22}},"54":{"start":{"line":55,"column":0},"end":{"line":55,"column":6}},"55":{"start":{"line":56,"column":0},"end":{"line":56,"column":1}},"56":{"start":{"line":57,"column":0},"end":{"line":57,"column":0}},"57":{"start":{"line":58,"column":0},"end":{"line":58,"column":51}},"58":{"start":{"line":59,"column":0},"end":{"line":59,"column":63}},"59":{"start":{"line":60,"column":0},"end":{"line":60,"column":26}},"60":{"start":{"line":61,"column":0},"end":{"line":61,"column":22}},"61":{"start":{"line":62,"column":0},"end":{"line":62,"column":6}},"62":{"start":{"line":63,"column":0},"end":{"line":63,"column":1}},"63":{"start":{"line":64,"column":0},"end":{"line":64,"column":0}},"64":{"start":{"line":65,"column":0},"end":{"line":65,"column":11}},"65":{"start":{"line":66,"column":0},"end":{"line":66,"column":54}},"66":{"start":{"line":67,"column":0},"end":{"line":67,"column":43}},"67":{"start":{"line":68,"column":0},"end":{"line":68,"column":26}},"68":{"start":{"line":69,"column":0},"end":{"line":69,"column":22}},"69":{"start":{"line":70,"column":0},"end":{"line":70,"column":6}},"70":{"start":{"line":71,"column":0},"end":{"line":71,"column":1}},"71":{"start":{"line":72,"column":0},"end":{"line":72,"column":0}},"72":{"start":{"line":73,"column":0},"end":{"line":73,"column":50}},"73":{"start":{"line":74,"column":0},"end":{"line":74,"column":63}},"74":{"start":{"line":75,"column":0},"end":{"line":75,"column":26}},"75":{"start":{"line":76,"column":0},"end":{"line":76,"column":22}},"76":{"start":{"line":77,"column":0},"end":{"line":77,"column":6}},"77":{"start":{"line":78,"column":0},"end":{"line":78,"column":1}}},"s":{"0":1,"1":1,"2":1,"3":1,"4":1,"5":1,"6":1,"7":1,"8":2,"9":2,"10":2,"11":1,"12":1,"13":2,"14":2,"15":2,"16":2,"17":2,"18":1,"19":1,"20":0,"21":0,"22":0,"23":0,"24":0,"25":1,"26":1,"27":1,"28":1,"29":1,"30":1,"31":1,"32":1,"33":1,"34":1,"35":1,"36":2,"37":2,"38":2,"39":2,"40":2,"41":1,"42":1,"43":1,"44":1,"45":1,"46":1,"47":1,"48":1,"49":1,"50":1,"51":2,"52":2,"53":2,"54":2,"55":2,"56":1,"57":1,"58":0,"59":0,"60":0,"61":0,"62":0,"63":1,"64":1,"65":1,"66":1,"67":1,"68":1,"69":1,"70":1,"71":1,"72":1,"73":2,"74":2,"75":2,"76":2,"77":2},"branchMap":{"0":{"type":"branch","line":8,"loc":{"start":{"line":8,"column":32},"end":{"line":11,"column":1}},"locations":[{"start":{"line":8,"column":32},"end":{"line":11,"column":1}}]},"1":{"type":"branch","line":13,"loc":{"start":{"line":13,"column":27},"end":{"line":18,"column":1}},"locations":[{"start":{"line":13,"column":27},"end":{"line":18,"column":1}}]},"2":{"type":"branch","line":14,"loc":{"start":{"line":14,"column":57},"end":{"line":17,"column":6}},"locations":[{"start":{"line":14,"column":57},"end":{"line":17,"column":6}}]},"3":{"type":"branch","line":15,"loc":{"start":{"line":15,"column":17},"end":{"line":15,"column":23}},"locations":[{"start":{"line":15,"column":17},"end":{"line":15,"column":23}}]},"4":{"type":"branch","line":29,"loc":{"start":{"line":29,"column":34},"end":{"line":34,"column":1}},"locations":[{"start":{"line":29,"column":34},"end":{"line":34,"column":1}}]},"5":{"type":"branch","line":30,"loc":{"start":{"line":30,"column":28},"end":{"line":33,"column":6}},"locations":[{"start":{"line":30,"column":28},"end":{"line":33,"column":6}}]},"6":{"type":"branch","line":31,"loc":{"start":{"line":31,"column":17},"end":{"line":31,"column":23}},"locations":[{"start":{"line":31,"column":17},"end":{"line":31,"column":23}}]},"7":{"type":"branch","line":36,"loc":{"start":{"line":36,"column":30},"end":{"line":41,"column":1}},"locations":[{"start":{"line":36,"column":30},"end":{"line":41,"column":1}}]},"8":{"type":"branch","line":37,"loc":{"start":{"line":37,"column":48},"end":{"line":40,"column":6}},"locations":[{"start":{"line":37,"column":48},"end":{"line":40,"column":6}}]},"9":{"type":"branch","line":38,"loc":{"start":{"line":38,"column":17},"end":{"line":38,"column":23}},"locations":[{"start":{"line":38,"column":17},"end":{"line":38,"column":23}}]},"10":{"type":"branch","line":44,"loc":{"start":{"line":44,"column":31},"end":{"line":49,"column":1}},"locations":[{"start":{"line":44,"column":31},"end":{"line":49,"column":1}}]},"11":{"type":"branch","line":45,"loc":{"start":{"line":45,"column":25},"end":{"line":48,"column":6}},"locations":[{"start":{"line":45,"column":25},"end":{"line":48,"column":6}}]},"12":{"type":"branch","line":46,"loc":{"start":{"line":46,"column":17},"end":{"line":46,"column":23}},"locations":[{"start":{"line":46,"column":17},"end":{"line":46,"column":23}}]},"13":{"type":"branch","line":51,"loc":{"start":{"line":51,"column":27},"end":{"line":56,"column":1}},"locations":[{"start":{"line":51,"column":27},"end":{"line":56,"column":1}}]},"14":{"type":"branch","line":52,"loc":{"start":{"line":52,"column":45},"end":{"line":55,"column":6}},"locations":[{"start":{"line":52,"column":45},"end":{"line":55,"column":6}}]},"15":{"type":"branch","line":53,"loc":{"start":{"line":53,"column":17},"end":{"line":53,"column":23}},"locations":[{"start":{"line":53,"column":17},"end":{"line":53,"column":23}}]},"16":{"type":"branch","line":66,"loc":{"start":{"line":66,"column":33},"end":{"line":71,"column":1}},"locations":[{"start":{"line":66,"column":33},"end":{"line":71,"column":1}}]},"17":{"type":"branch","line":67,"loc":{"start":{"line":67,"column":27},"end":{"line":70,"column":6}},"locations":[{"start":{"line":67,"column":27},"end":{"line":70,"column":6}}]},"18":{"type":"branch","line":68,"loc":{"start":{"line":68,"column":17},"end":{"line":68,"column":23}},"locations":[{"start":{"line":68,"column":17},"end":{"line":68,"column":23}}]},"19":{"type":"branch","line":73,"loc":{"start":{"line":73,"column":29},"end":{"line":78,"column":1}},"locations":[{"start":{"line":73,"column":29},"end":{"line":78,"column":1}}]},"20":{"type":"branch","line":74,"loc":{"start":{"line":74,"column":47},"end":{"line":77,"column":6}},"locations":[{"start":{"line":74,"column":47},"end":{"line":77,"column":6}}]},"21":{"type":"branch","line":75,"loc":{"start":{"line":75,"column":17},"end":{"line":75,"column":23}},"locations":[{"start":{"line":75,"column":17},"end":{"line":75,"column":23}}]}},"b":{"0":[2],"1":[2],"2":[2],"3":[0],"4":[1],"5":[1],"6":[0],"7":[2],"8":[2],"9":[0],"10":[1],"11":[1],"12":[0],"13":[2],"14":[2],"15":[0],"16":[1],"17":[1],"18":[0],"19":[2],"20":[2],"21":[0]},"fnMap":{"0":{"name":"Object.<anonymous>.module.exports.RegisterPlayer","decl":{"start":{"line":8,"column":32},"end":{"line":11,"column":1}},"loc":{"start":{"line":8,"column":32},"end":{"line":11,"column":1}},"line":8},"1":{"name":"Object.<anonymous>.module.exports.GetPlayer","decl":{"start":{"line":13,"column":27},"end":{"line":18,"column":1}},"loc":{"start":{"line":13,"column":27},"end":{"line":18,"column":1}},"line":13},"2":{"name":"Object.<anonymous>.module.exports.UpdatePlayer","decl":{"start":{"line":20,"column":30},"end":{"line":25,"column":1}},"loc":{"start":{"line":20,"column":30},"end":{"line":25,"column":1}},"line":20},"3":{"name":"Object.<anonymous>.module.exports.GetAllCharacters","decl":{"start":{"line":29,"column":34},"end":{"line":34,"column":1}},"loc":{"start":{"line":29,"column":34},"end":{"line":34,"column":1}},"line":29},"4":{"name":"Object.<anonymous>.module.exports.GetCharacter","decl":{"start":{"line":36,"column":30},"end":{"line":41,"column":1}},"loc":{"start":{"line":36,"column":30},"end":{"line":41,"column":1}},"line":36},"5":{"name":"Object.<anonymous>.module.exports.GetAllWeapons","decl":{"start":{"line":44,"column":31},"end":{"line":49,"column":1}},"loc":{"start":{"line":44,"column":31},"end":{"line":49,"column":1}},"line":44},"6":{"name":"Object.<anonymous>.module.exports.GetWeapon","decl":{"start":{"line":51,"column":27},"end":{"line":56,"column":1}},"loc":{"start":{"line":51,"column":27},"end":{"line":56,"column":1}},"line":51},"7":{"name":"Object.<anonymous>.module.exports.DeleteWeapon","decl":{"start":{"line":58,"column":30},"end":{"line":63,"column":1}},"loc":{"start":{"line":58,"column":30},"end":{"line":63,"column":1}},"line":58},"8":{"name":"Object.<anonymous>.module.exports.GetAllArtifacts","decl":{"start":{"line":66,"column":33},"end":{"line":71,"column":1}},"loc":{"start":{"line":66,"column":33},"end":{"line":71,"column":1}},"line":66},"9":{"name":"Object.<anonymous>.module.exports.GetArtifact","decl":{"start":{"line":73,"column":29},"end":{"line":78,"column":1}},"loc":{"start":{"line":73,"column":29},"end":{"line":78,"column":1}},"line":73}},"f":{"0":2,"1":2,"2":0,"3":1,"4":2,"5":1,"6":2,"7":0,"8":1,"9":2}}
,"E:\\University Projects\\Software Testing\\Project\\GenshinHelperRestAPI\\app_server\\models\\adminModel.js": {"path":"E:\\University Projects\\Software Testing\\Project\\GenshinHelperRestAPI\\app_server\\models\\adminModel.js","all":false,"statementMap":{"0":{"start":{"line":1,"column":0},"end":{"line":1,"column":36}},"1":{"start":{"line":2,"column":0},"end":{"line":2,"column":37}},"2":{"start":{"line":3,"column":0},"end":{"line":3,"column":21}},"3":{"start":{"line":4,"column":0},"end":{"line":4,"column":17}},"4":{"start":{"line":5,"column":0},"end":{"line":5,"column":18}},"5":{"start":{"line":6,"column":0},"end":{"line":6,"column":20}},"6":{"start":{"line":7,"column":0},"end":{"line":7,"column":2}},"7":{"start":{"line":8,"column":0},"end":{"line":8,"column":0}},"8":{"start":{"line":9,"column":0},"end":{"line":9,"column":50}},"9":{"start":{"line":10,"column":0},"end":{"line":10,"column":96}},"10":{"start":{"line":11,"column":0},"end":{"line":11,"column":0}},"11":{"start":{"line":12,"column":0},"end":{"line":12,"column":22}}},"s":{"0":1,"1":1,"2":1,"3":1,"4":1,"5":1,"6":1,"7":1,"8":1,"9":1,"10":1,"11":1},"branchMap":{"0":{"type":"branch","line":10,"loc":{"start":{"line":10,"column":61},"end":{"line":10,"column":8}},"locations":[{"start":{"line":10,"column":61},"end":{"line":10,"column":8}}]},"1":{"type":"branch","line":10,"loc":{"start":{"line":10,"column":82},"end":{"line":10,"column":88}},"locations":[{"start":{"line":10,"column":82},"end":{"line":10,"column":88}}]}},"b":{"0":[1],"1":[0]},"fnMap":{},"f":{}}
,"E:\\University Projects\\Software Testing\\Project\\GenshinHelperRestAPI\\app_server\\models\\artifactModel.js": {"path":"E:\\University Projects\\Software Testing\\Project\\GenshinHelperRestAPI\\app_server\\models\\artifactModel.js","all":false,"statementMap":{"0":{"start":{"line":1,"column":0},"end":{"line":1,"column":36}},"1":{"start":{"line":2,"column":0},"end":{"line":2,"column":40}},"2":{"start":{"line":3,"column":0},"end":{"line":3,"column":15}},"3":{"start":{"line":4,"column":0},"end":{"line":4,"column":17}},"4":{"start":{"line":5,"column":0},"end":{"line":5,"column":17}},"5":{"start":{"line":6,"column":0},"end":{"line":6,"column":13}},"6":{"start":{"line":7,"column":0},"end":{"line":7,"column":15}},"7":{"start":{"line":8,"column":0},"end":{"line":8,"column":15}},"8":{"start":{"line":9,"column":0},"end":{"line":9,"column":20}},"9":{"start":{"line":10,"column":0},"end":{"line":10,"column":6}},"10":{"start":{"line":11,"column":0},"end":{"line":11,"column":24}},"11":{"start":{"line":12,"column":0},"end":{"line":12,"column":17}},"12":{"start":{"line":13,"column":0},"end":{"line":13,"column":21}},"13":{"start":{"line":14,"column":0},"end":{"line":14,"column":18}},"14":{"start":{"line":15,"column":0},"end":{"line":15,"column":17}},"15":{"start":{"line":16,"column":0},"end":{"line":16,"column":18}},"16":{"start":{"line":17,"column":0},"end":{"line":17,"column":20}},"17":{"start":{"line":18,"column":0},"end":{"line":18,"column":19}},"18":{"start":{"line":19,"column":0},"end":{"line":19,"column":15}},"19":{"start":{"line":20,"column":0},"end":{"line":20,"column":15}},"20":{"start":{"line":21,"column":0},"end":{"line":21,"column":20}},"21":{"start":{"line":22,"column":0},"end":{"line":22,"column":10}},"22":{"start":{"line":23,"column":0},"end":{"line":23,"column":29}},"23":{"start":{"line":24,"column":0},"end":{"line":24,"column":29}},"24":{"start":{"line":25,"column":0},"end":{"line":25,"column":5}},"25":{"start":{"line":26,"column":0},"end":{"line":26,"column":2}},"26":{"start":{"line":27,"column":0},"end":{"line":27,"column":0}},"27":{"start":{"line":28,"column":0},"end":{"line":28,"column":59}},"28":{"start":{"line":29,"column":0},"end":{"line":29,"column":96}},"29":{"start":{"line":30,"column":0},"end":{"line":30,"column":0}},"30":{"start":{"line":31,"column":0},"end":{"line":31,"column":25}}},"s":{"0":1,"1":1,"2":1,"3":1,"4":1,"5":1,"6":1,"7":1,"8":1,"9":1,"10":1,"11":1,"12":1,"13":1,"14":1,"15":1,"16":1,"17":1,"18":1,"19":1,"20":1,"21":1,"22":1,"23":1,"24":1,"25":1,"26":1,"27":1,"28":1,"29":1,"30":1},"branchMap":{"0":{"type":"branch","line":29,"loc":{"start":{"line":29,"column":61},"end":{"line":29,"column":8}},"locations":[{"start":{"line":29,"column":61},"end":{"line":29,"column":8}}]},"1":{"type":"branch","line":29,"loc":{"start":{"line":29,"column":82},"end":{"line":29,"column":88}},"locations":[{"start":{"line":29,"column":82},"end":{"line":29,"column":88}}]}},"b":{"0":[2],"1":[0]},"fnMap":{},"f":{}}
,"E:\\University Projects\\Software Testing\\Project\\GenshinHelperRestAPI\\app_server\\models\\characterModel.js": {"path":"E:\\University Projects\\Software Testing\\Project\\GenshinHelperRestAPI\\app_server\\models\\characterModel.js","all":false,"statementMap":{"0":{"start":{"line":1,"column":0},"end":{"line":1,"column":36}},"1":{"start":{"line":2,"column":0},"end":{"line":2,"column":41}},"2":{"start":{"line":3,"column":0},"end":{"line":3,"column":15}},"3":{"start":{"line":4,"column":0},"end":{"line":4,"column":17}},"4":{"start":{"line":5,"column":0},"end":{"line":5,"column":17}},"5":{"start":{"line":6,"column":0},"end":{"line":6,"column":20}},"6":{"start":{"line":7,"column":0},"end":{"line":7,"column":23}},"7":{"start":{"line":8,"column":0},"end":{"line":8,"column":17}},"8":{"start":{"line":9,"column":0},"end":{"line":9,"column":13}},"9":{"start":{"line":10,"column":0},"end":{"line":10,"column":15}},"10":{"start":{"line":11,"column":0},"end":{"line":11,"column":15}},"11":{"start":{"line":12,"column":0},"end":{"line":12,"column":20}},"12":{"start":{"line":13,"column":0},"end":{"line":13,"column":6}},"13":{"start":{"line":14,"column":0},"end":{"line":14,"column":19}},"14":{"start":{"line":15,"column":0},"end":{"line":15,"column":20}},"15":{"start":{"line":16,"column":0},"end":{"line":16,"column":24}},"16":{"start":{"line":17,"column":0},"end":{"line":17,"column":19}},"17":{"start":{"line":18,"column":0},"end":{"line":18,"column":18}},"18":{"start":{"line":19,"column":0},"end":{"line":19,"column":26}},"19":{"start":{"line":20,"column":0},"end":{"line":20,"column":20}},"20":{"start":{"line":21,"column":0},"end":{"line":21,"column":14}},"21":{"start":{"line":22,"column":0},"end":{"line":22,"column":9}},"22":{"start":{"line":23,"column":0},"end":{"line":23,"column":23}},"23":{"start":{"line":24,"column":0},"end":{"line":24,"column":25}},"24":{"start":{"line":25,"column":0},"end":{"line":25,"column":32}},"25":{"start":{"line":26,"column":0},"end":{"line":26,"column":26}},"26":{"start":{"line":27,"column":0},"end":{"line":27,"column":0}},"27":{"start":{"line":28,"column":0},"end":{"line":28,"column":9}},"28":{"start":{"line":29,"column":0},"end":{"line":29,"column":6}},"29":{"start":{"line":30,"column":0},"end":{"line":30,"column":21}},"30":{"start":{"line":31,"column":0},"end":{"line":31,"column":9}},"31":{"start":{"line":32,"column":0},"end":{"line":32,"column":23}},"32":{"start":{"line":33,"column":0},"end":{"line":33,"column":25}},"33":{"start":{"line":34,"column":0},"end":{"line":34,"column":26}},"34":{"start":{"line":35,"column":0},"end":{"line":35,"column":32}},"35":{"start":{"line":36,"column":0},"end":{"line":36,"column":26}},"36":{"start":{"line":37,"column":0},"end":{"line":37,"column":9}},"37":{"start":{"line":38,"column":0},"end":{"line":38,"column":5}},"38":{"start":{"line":39,"column":0},"end":{"line":39,"column":2}},"39":{"start":{"line":40,"column":0},"end":{"line":40,"column":0}},"40":{"start":{"line":41,"column":0},"end":{"line":41,"column":62}},"41":{"start":{"line":42,"column":0},"end":{"line":42,"column":96}},"42":{"start":{"line":43,"column":0},"end":{"line":43,"column":0}},"43":{"start":{"line":44,"column":0},"end":{"line":44,"column":26}}},"s":{"0":1,"1":1,"2":1,"3":1,"4":1,"5":1,"6":1,"7":1,"8":1,"9":1,"10":1,"11":1,"12":1,"13":1,"14":1,"15":1,"16":1,"17":1,"18":1,"19":1,"20":1,"21":1,"22":1,"23":1,"24":1,"25":1,"26":1,"27":1,"28":1,"29":1,"30":1,"31":1,"32":1,"33":1,"34":1,"35":1,"36":1,"37":1,"38":1,"39":1,"40":1,"41":1,"42":1,"43":1},"branchMap":{"0":{"type":"branch","line":42,"loc":{"start":{"line":42,"column":61},"end":{"line":42,"column":8}},"locations":[{"start":{"line":42,"column":61},"end":{"line":42,"column":8}}]},"1":{"type":"branch","line":42,"loc":{"start":{"line":42,"column":82},"end":{"line":42,"column":88}},"locations":[{"start":{"line":42,"column":82},"end":{"line":42,"column":88}}]}},"b":{"0":[2],"1":[0]},"fnMap":{},"f":{}}
,"E:\\University Projects\\Software Testing\\Project\\GenshinHelperRestAPI\\app_server\\models\\playerModel.js": {"path":"E:\\University Projects\\Software Testing\\Project\\GenshinHelperRestAPI\\app_server\\models\\playerModel.js","all":false,"statementMap":{"0":{"start":{"line":1,"column":0},"end":{"line":1,"column":36}},"1":{"start":{"line":2,"column":0},"end":{"line":2,"column":38}},"2":{"start":{"line":3,"column":0},"end":{"line":3,"column":17}},"3":{"start":{"line":4,"column":0},"end":{"line":4,"column":21}},"4":{"start":{"line":5,"column":0},"end":{"line":5,"column":18}},"5":{"start":{"line":6,"column":0},"end":{"line":6,"column":21}},"6":{"start":{"line":7,"column":0},"end":{"line":7,"column":12}},"7":{"start":{"line":8,"column":0},"end":{"line":8,"column":9}},"8":{"start":{"line":9,"column":0},"end":{"line":9,"column":25}},"9":{"start":{"line":10,"column":0},"end":{"line":10,"column":30}},"10":{"start":{"line":11,"column":0},"end":{"line":11,"column":33}},"11":{"start":{"line":12,"column":0},"end":{"line":12,"column":14}},"12":{"start":{"line":13,"column":0},"end":{"line":13,"column":25}},"13":{"start":{"line":14,"column":0},"end":{"line":14,"column":30}},"14":{"start":{"line":15,"column":0},"end":{"line":15,"column":33}},"15":{"start":{"line":16,"column":0},"end":{"line":16,"column":14}},"16":{"start":{"line":17,"column":0},"end":{"line":17,"column":25}},"17":{"start":{"line":18,"column":0},"end":{"line":18,"column":30}},"18":{"start":{"line":19,"column":0},"end":{"line":19,"column":33}},"19":{"start":{"line":20,"column":0},"end":{"line":20,"column":14}},"20":{"start":{"line":21,"column":0},"end":{"line":21,"column":25}},"21":{"start":{"line":22,"column":0},"end":{"line":22,"column":30}},"22":{"start":{"line":23,"column":0},"end":{"line":23,"column":33}},"23":{"start":{"line":24,"column":0},"end":{"line":24,"column":13}},"24":{"start":{"line":25,"column":0},"end":{"line":25,"column":9}},"25":{"start":{"line":26,"column":0},"end":{"line":26,"column":6}},"26":{"start":{"line":27,"column":0},"end":{"line":27,"column":11}},"27":{"start":{"line":28,"column":0},"end":{"line":28,"column":17}},"28":{"start":{"line":29,"column":0},"end":{"line":29,"column":9}},"29":{"start":{"line":30,"column":0},"end":{"line":30,"column":17}},"30":{"start":{"line":31,"column":0},"end":{"line":31,"column":30}},"31":{"start":{"line":32,"column":0},"end":{"line":32,"column":33}},"32":{"start":{"line":33,"column":0},"end":{"line":33,"column":13}},"33":{"start":{"line":34,"column":0},"end":{"line":34,"column":9}},"34":{"start":{"line":35,"column":0},"end":{"line":35,"column":6}},"35":{"start":{"line":36,"column":0},"end":{"line":36,"column":16}},"36":{"start":{"line":37,"column":0},"end":{"line":37,"column":9}},"37":{"start":{"line":38,"column":0},"end":{"line":38,"column":17}},"38":{"start":{"line":39,"column":0},"end":{"line":39,"column":30}},"39":{"start":{"line":40,"column":0},"end":{"line":40,"column":32}},"40":{"start":{"line":41,"column":0},"end":{"line":41,"column":13}},"41":{"start":{"line":42,"column":0},"end":{"line":42,"column":9}},"42":{"start":{"line":43,"column":0},"end":{"line":43,"column":6}},"43":{"start":{"line":44,"column":0},"end":{"line":44,"column":14}},"44":{"start":{"line":45,"column":0},"end":{"line":45,"column":9}},"45":{"start":{"line":46,"column":0},"end":{"line":46,"column":17}},"46":{"start":{"line":47,"column":0},"end":{"line":47,"column":30}},"47":{"start":{"line":48,"column":0},"end":{"line":48,"column":30}},"48":{"start":{"line":49,"column":0},"end":{"line":49,"column":13}},"49":{"start":{"line":50,"column":0},"end":{"line":50,"column":9}},"50":{"start":{"line":51,"column":0},"end":{"line":51,"column":6}},"51":{"start":{"line":52,"column":0},"end":{"line":52,"column":2}},"52":{"start":{"line":53,"column":0},"end":{"line":53,"column":0}},"53":{"start":{"line":54,"column":0},"end":{"line":54,"column":53}},"54":{"start":{"line":55,"column":0},"end":{"line":55,"column":96}},"55":{"start":{"line":56,"column":0},"end":{"line":56,"column":0}},"56":{"start":{"line":57,"column":0},"end":{"line":57,"column":23}}},"s":{"0":1,"1":1,"2":1,"3":1,"4":1,"5":1,"6":1,"7":1,"8":1,"9":1,"10":1,"11":1,"12":1,"13":1,"14":1,"15":1,"16":1,"17":1,"18":1,"19":1,"20":1,"21":1,"22":1,"23":1,"24":1,"25":1,"26":1,"27":1,"28":1,"29":1,"30":1,"31":1,"32":1,"33":1,"34":1,"35":1,"36":1,"37":1,"38":1,"39":1,"40":1,"41":1,"42":1,"43":1,"44":1,"45":1,"46":1,"47":1,"48":1,"49":1,"50":1,"51":1,"52":1,"53":1,"54":1,"55":1,"56":1},"branchMap":{"0":{"type":"branch","line":55,"loc":{"start":{"line":55,"column":61},"end":{"line":55,"column":8}},"locations":[{"start":{"line":55,"column":61},"end":{"line":55,"column":8}}]},"1":{"type":"branch","line":55,"loc":{"start":{"line":55,"column":82},"end":{"line":55,"column":88}},"locations":[{"start":{"line":55,"column":82},"end":{"line":55,"column":88}}]}},"b":{"0":[2],"1":[0]},"fnMap":{},"f":{}}
,"E:\\University Projects\\Software Testing\\Project\\GenshinHelperRestAPI\\app_server\\models\\weaponModel.js": {"path":"E:\\University Projects\\Software Testing\\Project\\GenshinHelperRestAPI\\app_server\\models\\weaponModel.js","all":false,"statementMap":{"0":{"start":{"line":1,"column":0},"end":{"line":1,"column":36}},"1":{"start":{"line":2,"column":0},"end":{"line":2,"column":38}},"2":{"start":{"line":3,"column":0},"end":{"line":3,"column":15}},"3":{"start":{"line":4,"column":0},"end":{"line":4,"column":17}},"4":{"start":{"line":5,"column":0},"end":{"line":5,"column":17}},"5":{"start":{"line":6,"column":0},"end":{"line":6,"column":19}},"6":{"start":{"line":7,"column":0},"end":{"line":7,"column":20}},"7":{"start":{"line":8,"column":0},"end":{"line":8,"column":24}},"8":{"start":{"line":9,"column":0},"end":{"line":9,"column":20}},"9":{"start":{"line":10,"column":0},"end":{"line":10,"column":24}},"10":{"start":{"line":11,"column":0},"end":{"line":11,"column":31}},"11":{"start":{"line":12,"column":0},"end":{"line":12,"column":24}},"12":{"start":{"line":13,"column":0},"end":{"line":13,"column":17}},"13":{"start":{"line":14,"column":0},"end":{"line":14,"column":18}},"14":{"start":{"line":15,"column":0},"end":{"line":15,"column":20}},"15":{"start":{"line":16,"column":0},"end":{"line":16,"column":2}},"16":{"start":{"line":17,"column":0},"end":{"line":17,"column":0}},"17":{"start":{"line":18,"column":0},"end":{"line":18,"column":53}},"18":{"start":{"line":19,"column":0},"end":{"line":19,"column":96}},"19":{"start":{"line":20,"column":0},"end":{"line":20,"column":0}},"20":{"start":{"line":21,"column":0},"end":{"line":21,"column":23}}},"s":{"0":1,"1":1,"2":1,"3":1,"4":1,"5":1,"6":1,"7":1,"8":1,"9":1,"10":1,"11":1,"12":1,"13":1,"14":1,"15":1,"16":1,"17":1,"18":1,"19":1,"20":1},"branchMap":{"0":{"type":"branch","line":19,"loc":{"start":{"line":19,"column":61},"end":{"line":19,"column":8}},"locations":[{"start":{"line":19,"column":61},"end":{"line":19,"column":8}}]},"1":{"type":"branch","line":19,"loc":{"start":{"line":19,"column":82},"end":{"line":19,"column":88}},"locations":[{"start":{"line":19,"column":82},"end":{"line":19,"column":88}}]}},"b":{"0":[2],"1":[0]},"fnMap":{},"f":{}}
}
