TN:
SF:app_server\controllers\playerController.js
FN:8,Object.<anonymous>.module.exports.RegisterPlayer
FN:13,Object.<anonymous>.module.exports.GetPlayer
FN:20,Object.<anonymous>.module.exports.UpdatePlayer
FN:29,Object.<anonymous>.module.exports.GetAllCharacters
FN:36,Object.<anonymous>.module.exports.GetCharacter
FN:44,Object.<anonymous>.module.exports.GetAllWeapons
FN:51,Object.<anonymous>.module.exports.GetWeapon
FN:58,Object.<anonymous>.module.exports.DeleteWeapon
FN:66,Object.<anonymous>.module.exports.GetAllArtifacts
FN:73,Object.<anonymous>.module.exports.GetArtifact
FNF:10
FNH:8
FNDA:2,Object.<anonymous>.module.exports.RegisterPlayer
FNDA:2,Object.<anonymous>.module.exports.GetPlayer
FNDA:0,Object.<anonymous>.module.exports.UpdatePlayer
FNDA:1,Object.<anonymous>.module.exports.GetAllCharacters
FNDA:2,Object.<anonymous>.module.exports.GetCharacter
FNDA:1,Object.<anonymous>.module.exports.GetAllWeapons
FNDA:2,Object.<anonymous>.module.exports.GetWeapon
FNDA:0,Object.<anonymous>.module.exports.DeleteWeapon
FNDA:1,Object.<anonymous>.module.exports.GetAllArtifacts
FNDA:2,Object.<anonymous>.module.exports.GetArtifact
DA:1,1
DA:2,1
DA:3,1
DA:4,1
DA:5,1
DA:6,1
DA:7,1
DA:8,1
DA:9,2
DA:10,2
DA:11,2
DA:12,1
DA:13,1
DA:14,2
DA:15,2
DA:16,2
DA:17,2
DA:18,2
DA:19,1
DA:20,1
DA:21,0
DA:22,0
DA:23,0
DA:24,0
DA:25,0
DA:26,1
DA:27,1
DA:28,1
DA:29,1
DA:30,1
DA:31,1
DA:32,1
DA:33,1
DA:34,1
DA:35,1
DA:36,1
DA:37,2
DA:38,2
DA:39,2
DA:40,2
DA:41,2
DA:42,1
DA:43,1
DA:44,1
DA:45,1
DA:46,1
DA:47,1
DA:48,1
DA:49,1
DA:50,1
DA:51,1
DA:52,2
DA:53,2
DA:54,2
DA:55,2
DA:56,2
DA:57,1
DA:58,1
DA:59,0
DA:60,0
DA:61,0
DA:62,0
DA:63,0
DA:64,1
DA:65,1
DA:66,1
DA:67,1
DA:68,1
DA:69,1
DA:70,1
DA:71,1
DA:72,1
DA:73,1
DA:74,2
DA:75,2
DA:76,2
DA:77,2
DA:78,2
LF:78
LH:68
BRDA:8,0,0,2
BRDA:13,1,0,2
BRDA:14,2,0,2
BRDA:15,3,0,0
BRDA:29,4,0,1
BRDA:30,5,0,1
BRDA:31,6,0,0
BRDA:36,7,0,2
BRDA:37,8,0,2
BRDA:38,9,0,0
BRDA:44,10,0,1
BRDA:45,11,0,1
BRDA:46,12,0,0
BRDA:51,13,0,2
BRDA:52,14,0,2
BRDA:53,15,0,0
BRDA:66,16,0,1
BRDA:67,17,0,1
BRDA:68,18,0,0
BRDA:73,19,0,2
BRDA:74,20,0,2
BRDA:75,21,0,0
BRF:22
BRH:15
end_of_record
TN:
SF:app_server\models\adminModel.js
FNF:0
FNH:0
DA:1,1
DA:2,1
DA:3,1
DA:4,1
DA:5,1
DA:6,1
DA:7,1
DA:8,1
DA:9,1
DA:10,1
DA:11,1
DA:12,1
LF:12
LH:12
BRDA:10,0,0,1
BRDA:10,1,0,0
BRF:2
BRH:1
end_of_record
TN:
SF:app_server\models\artifactModel.js
FNF:0
FNH:0
DA:1,1
DA:2,1
DA:3,1
DA:4,1
DA:5,1
DA:6,1
DA:7,1
DA:8,1
DA:9,1
DA:10,1
DA:11,1
DA:12,1
DA:13,1
DA:14,1
DA:15,1
DA:16,1
DA:17,1
DA:18,1
DA:19,1
DA:20,1
DA:21,1
DA:22,1
DA:23,1
DA:24,1
DA:25,1
DA:26,1
DA:27,1
DA:28,1
DA:29,1
DA:30,1
DA:31,1
LF:31
LH:31
BRDA:29,0,0,2
BRDA:29,1,0,0
BRF:2
BRH:1
end_of_record
TN:
SF:app_server\models\characterModel.js
FNF:0
FNH:0
DA:1,1
DA:2,1
DA:3,1
DA:4,1
DA:5,1
DA:6,1
DA:7,1
DA:8,1
DA:9,1
DA:10,1
DA:11,1
DA:12,1
DA:13,1
DA:14,1
DA:15,1
DA:16,1
DA:17,1
DA:18,1
DA:19,1
DA:20,1
DA:21,1
DA:22,1
DA:23,1
DA:24,1
DA:25,1
DA:26,1
DA:27,1
DA:28,1
DA:29,1
DA:30,1
DA:31,1
DA:32,1
DA:33,1
DA:34,1
DA:35,1
DA:36,1
DA:37,1
DA:38,1
DA:39,1
DA:40,1
DA:41,1
DA:42,1
DA:43,1
DA:44,1
LF:44
LH:44
BRDA:42,0,0,2
BRDA:42,1,0,0
BRF:2
BRH:1
end_of_record
TN:
SF:app_server\models\playerModel.js
FNF:0
FNH:0
DA:1,1
DA:2,1
DA:3,1
DA:4,1
DA:5,1
DA:6,1
DA:7,1
DA:8,1
DA:9,1
DA:10,1
DA:11,1
DA:12,1
DA:13,1
DA:14,1
DA:15,1
DA:16,1
DA:17,1
DA:18,1
DA:19,1
DA:20,1
DA:21,1
DA:22,1
DA:23,1
DA:24,1
DA:25,1
DA:26,1
DA:27,1
DA:28,1
DA:29,1
DA:30,1
DA:31,1
DA:32,1
DA:33,1
DA:34,1
DA:35,1
DA:36,1
DA:37,1
DA:38,1
DA:39,1
DA:40,1
DA:41,1
DA:42,1
DA:43,1
DA:44,1
DA:45,1
DA:46,1
DA:47,1
DA:48,1
DA:49,1
DA:50,1
DA:51,1
DA:52,1
DA:53,1
DA:54,1
DA:55,1
DA:56,1
DA:57,1
LF:57
LH:57
BRDA:55,0,0,2
BRDA:55,1,0,0
BRF:2
BRH:1
end_of_record
TN:
SF:app_server\models\weaponModel.js
FNF:0
FNH:0
DA:1,1
DA:2,1
DA:3,1
DA:4,1
DA:5,1
DA:6,1
DA:7,1
DA:8,1
DA:9,1
DA:10,1
DA:11,1
DA:12,1
DA:13,1
DA:14,1
DA:15,1
DA:16,1
DA:17,1
DA:18,1
DA:19,1
DA:20,1
DA:21,1
LF:21
LH:21
BRDA:19,0,0,2
BRDA:19,1,0,0
BRF:2
BRH:1
end_of_record
